[0416/192946.793:ERROR:process_reader_win.cc(151)] SuspendThread: Access is denied. (0x5)
[0416/192946.844:ERROR:process_reader_win.cc(123)] NtOpenThread: An invalid Client ID was specified. (0xc000000b)
[0416/192946.897:ERROR:exception_snapshot_win.cc(98)] thread ID 4876 not found in process
[0416/192946.797:ERROR:process_reader_win.cc(123)] NtOpenThread: {Access Denied} A process has requested access to an object, but has not been granted those access rights. (0xc0000022)
[0416/192947.006:ERROR:exception_snapshot_win.cc(98)] thread ID 5468 not found in process
[0416/192946.796:ERROR:process_reader_win.cc(151)] SuspendThread: Access is denied. (0x5)
[0416/192946.956:ERROR:scoped_process_suspend.cc(40)] NtResumeProcess: An attempt was made to access an exiting process. (0xc000010a)
[0416/192946.794:ERROR:process_reader_win.cc(151)] SuspendThread: Access is denied. (0x5)
[0416/192947.057:ERROR:scoped_process_suspend.cc(40)] NtResumeProcess: An attempt was made to access an exiting process. (0xc000010a)
[0416/192947.107:ERROR:process_reader_win.cc(123)] NtOpenThread: An invalid Client ID was specified. (0xc000000b)
[0416/192947.157:ERROR:process_reader_win.cc(123)] NtOpenThread: An invalid Client ID was specified. (0xc000000b)
[0416/192947.158:ERROR:exception_snapshot_win.cc(98)] thread ID 7728 not found in process
[0416/192947.158:ERROR:process_reader_win.cc(123)] NtOpenThread: An invalid Client ID was specified. (0xc000000b)
[0416/192947.159:ERROR:scoped_process_suspend.cc(40)] NtResumeProcess: An attempt was made to access an exiting process. (0xc000010a)
[0416/192947.159:ERROR:process_reader_win.cc(123)] NtOpenThread: An invalid Client ID was specified. (0xc000000b)
[0416/192947.160:ERROR:process_reader_win.cc(123)] NtOpenThread: An invalid Client ID was specified. (0xc000000b)
[0416/192947.160:ERROR:process_reader_win.cc(123)] NtOpenThread: An invalid Client ID was specified. (0xc000000b)
[0416/192947.160:ERROR:process_reader_win.cc(123)] NtOpenThread: An invalid Client ID was specified. (0xc000000b)
[0416/192947.161:ERROR:process_reader_win.cc(123)] NtOpenThread: An invalid Client ID was specified. (0xc000000b)
[0416/192947.161:ERROR:process_reader_win.cc(123)] NtOpenThread: An invalid Client ID was specified. (0xc000000b)
[0416/192947.161:ERROR:process_reader_win.cc(123)] NtOpenThread: An invalid Client ID was specified. (0xc000000b)
[0416/192947.162:ERROR:process_reader_win.cc(123)] NtOpenThread: An invalid Client ID was specified. (0xc000000b)
[0416/192947.162:ERROR:process_reader_win.cc(123)] NtOpenThread: An invalid Client ID was specified. (0xc000000b)
[0416/192947.162:ERROR:exception_snapshot_win.cc(98)] thread ID 10596 not found in process
[0416/192947.163:ERROR:scoped_process_suspend.cc(40)] NtResumeProcess: An attempt was made to access an exiting process. (0xc000010a)
